Name                        Stmts   Miss   Cover   Missing
----------------------------------------------------------
pygetsource/__init__.py         3      0 100.00%
pygetsource/ast_utils.py      164     28  82.93%   25, 43-44, 72-86, 99-100, 102-107, 115, 165, 181-184, 189, 193, 197, 238-240, 248, 261, 263
pygetsource/decompiler.py    1047    280  73.26%   161, 191, 232-233, 328, 502, 557, 559, 573, 579-580, 584, 629, 641, 646-647, 685-689, 691-695, 750, 767-790, 799, 817, 828, 834-835, 891, 909, 946-953, 974, 976, 982, 985, 988, 1075, 1087-1089, 1097-1099, 1107-1109, 1111-1114, 1121-1122, 1126-1128, 1134-1137, 1139-1140, 1142-1143, 1145-1147, 1149-1150, 1152-1157, 1159-1160, 1171-1186, 1188-1205, 1211-1215, 1217-1226, 1228-1244, 1247-1259, 1261-1282, 1291, 1320-1321, 1327-1345, 1369-1374, 1389-1393, 1404-1422, 1430, 1435-1436, 1438-1439, 1446-1447, 1449-1450, 1455, 1459-1474, 1486-1492, 1519, 1538, 1547, 1598-1602, 1708, 1730, 1736-1763, 1774-1804, 1819-1823, 1832-1842, 1852, 1857, 1881-1885, 1896, 1909-1924, 1985, 2010-2012, 2028, 2030, 2089, 2105
pygetsource/factory.py         37      0 100.00%
pygetsource/utils.py           42      0 100.00%
----------------------------------------------------------
TOTAL                        1293    308  76.18%
